2023-04-06T06:55:21+00:00 DEBUG tt4b_product_sync: missing access token for tt4b_product_sync
2023-04-06T06:59:40+00:00 DEBUG tt4b_product_sync: missing access token for tt4b_product_sync
2023-04-06T07:00:43+00:00 DEBUG tt4b_product_sync: missing access token for tt4b_product_sync
2023-04-06T07:02:09+00:00 DEBUG tt4b_product_sync: missing access token for tt4b_product_sync
2023-04-06T07:02:13+00:00 DEBUG tt4b_product_sync: missing access token for tt4b_product_sync
2023-04-06T07:05:44+00:00 DEBUG tt4b_product_sync: missing access token for tt4b_product_sync
2023-04-06T07:06:45+00:00 DEBUG tt4b_product_sync: missing access token for tt4b_product_sync
2023-04-06T07:07:40+00:00 DEBUG tt4b_product_sync: missing access token for tt4b_product_sync
2023-04-06T07:07:54+00:00 DEBUG tt4b_product_sync: missing access token for tt4b_product_sync
2023-04-06T07:08:19+00:00 DEBUG Tt4b_Pixel_Class::inject_view_content_event: hit injectViewContentEvent
2023-04-06T07:08:19+00:00 DEBUG Tt4b_Pixel_Class::inject_view_content_event: Missing option "access_token"
2023-04-06T07:08:40+00:00 DEBUG Tt4b_Pixel_Class::inject_view_content_event: hit injectViewContentEvent
2023-04-06T07:08:40+00:00 DEBUG Tt4b_Pixel_Class::inject_view_content_event: Missing option "access_token"
2023-04-06T07:11:26+00:00 DEBUG tt4b_product_sync: missing access token for tt4b_product_sync
2023-04-06T07:11:35+00:00 DEBUG tt4b_product_sync: missing access token for tt4b_product_sync
2023-04-06T07:12:00+00:00 DEBUG tt4b_product_sync: missing access token for tt4b_product_sync
2023-04-06T07:12:00+00:00 DEBUG tt4b_product_sync: missing access token for tt4b_product_sync
2023-04-06T07:14:14+00:00 DEBUG tt4b_product_sync: missing access token for tt4b_product_sync
2023-04-06T07:14:53+00:00 DEBUG tt4b_product_sync: missing access token for tt4b_product_sync
2023-04-06T07:15:40+00:00 DEBUG tt4b_product_sync: missing access token for tt4b_product_sync
2023-04-06T07:15:42+00:00 DEBUG tt4b_product_sync: missing access token for tt4b_product_sync
2023-04-06T07:17:20+00:00 DEBUG tt4b_product_sync: missing access token for tt4b_product_sync
2023-04-06T07:18:00+00:00 DEBUG tt4b_product_sync: missing access token for tt4b_product_sync
2023-04-06T07:18:19+00:00 DEBUG tt4b_product_sync: missing access token for tt4b_product_sync
2023-04-06T07:18:57+00:00 DEBUG tt4b_product_sync: missing access token for tt4b_product_sync
2023-04-06T07:19:28+00:00 DEBUG tt4b_product_sync: missing access token for tt4b_product_sync
2023-04-06T07:22:01+00:00 DEBUG tt4b_product_sync: missing access token for tt4b_product_sync
2023-04-06T07:22:48+00:00 DEBUG tt4b_product_sync: missing access token for tt4b_product_sync
2023-04-06T07:23:11+00:00 DEBUG tt4b_product_sync: missing access token for tt4b_product_sync
2023-04-06T07:25:20+00:00 DEBUG tt4b_product_sync: missing access token for tt4b_product_sync
2023-04-06T07:26:41+00:00 DEBUG tt4b_product_sync: missing access token for tt4b_product_sync
2023-04-06T07:27:28+00:00 DEBUG tt4b_product_sync: missing access token for tt4b_product_sync
2023-04-06T07:27:51+00:00 DEBUG tt4b_product_sync: missing access token for tt4b_product_sync
2023-04-06T07:28:11+00:00 DEBUG tt4b_product_sync: missing access token for tt4b_product_sync
2023-04-06T07:30:33+00:00 DEBUG tt4b_product_sync: missing access token for tt4b_product_sync
2023-04-06T07:31:34+00:00 DEBUG tt4b_product_sync: missing access token for tt4b_product_sync
2023-04-06T07:32:34+00:00 DEBUG tt4b_product_sync: missing access token for tt4b_product_sync
2023-04-06T07:35:01+00:00 DEBUG tt4b_product_sync: missing access token for tt4b_product_sync
2023-04-06T07:35:47+00:00 DEBUG tt4b_product_sync: missing access token for tt4b_product_sync
2023-04-06T07:36:12+00:00 DEBUG tt4b_product_sync: missing access token for tt4b_product_sync
2023-04-06T07:37:00+00:00 DEBUG tt4b_product_sync: missing access token for tt4b_product_sync
2023-04-06T07:39:18+00:00 DEBUG tt4b_product_sync: missing access token for tt4b_product_sync
2023-04-06T07:39:44+00:00 DEBUG tt4b_product_sync: missing access token for tt4b_product_sync
2023-04-06T07:42:18+00:00 DEBUG tt4b_product_sync: missing access token for tt4b_product_sync
2023-04-06T07:43:03+00:00 DEBUG tt4b_product_sync: missing access token for tt4b_product_sync
2023-04-06T07:44:21+00:00 DEBUG Tt4b_Pixel_Class::inject_view_content_event: hit injectViewContentEvent
2023-04-06T07:44:21+00:00 DEBUG Tt4b_Pixel_Class::inject_view_content_event: Missing option "access_token"
2023-04-06T10:32:25+00:00 DEBUG Tt4b_Pixel_Class::inject_add_to_cart_event: hit injectAddToCartEvent
2023-04-06T10:32:25+00:00 DEBUG Tt4b_Pixel_Class::inject_add_to_cart_event: Missing option "access_token"
2023-04-06T10:33:04+00:00 DEBUG Tt4b_Pixel_Class::inject_add_to_cart_event: hit injectAddToCartEvent
2023-04-06T10:33:04+00:00 DEBUG Tt4b_Pixel_Class::inject_add_to_cart_event: Missing option "access_token"
2023-04-06T10:33:08+00:00 DEBUG Tt4b_Pixel_Class::inject_add_to_cart_event: hit injectAddToCartEvent
2023-04-06T10:33:08+00:00 DEBUG Tt4b_Pixel_Class::inject_add_to_cart_event: Missing option "access_token"
2023-04-06T10:33:09+00:00 DEBUG Tt4b_Pixel_Class::inject_add_to_cart_event: hit injectAddToCartEvent
2023-04-06T10:33:09+00:00 DEBUG Tt4b_Pixel_Class::inject_add_to_cart_event: Missing option "access_token"
2023-04-06T10:33:09+00:00 DEBUG Tt4b_Pixel_Class::inject_add_to_cart_event: hit injectAddToCartEvent
2023-04-06T10:33:09+00:00 DEBUG Tt4b_Pixel_Class::inject_add_to_cart_event: Missing option "access_token"
2023-04-06T10:33:11+00:00 DEBUG Tt4b_Pixel_Class::inject_add_to_cart_event: hit injectAddToCartEvent
2023-04-06T10:33:11+00:00 DEBUG Tt4b_Pixel_Class::inject_add_to_cart_event: hit injectAddToCartEvent
2023-04-06T10:33:11+00:00 DEBUG Tt4b_Pixel_Class::inject_add_to_cart_event: Missing option "access_token"
2023-04-06T10:33:11+00:00 DEBUG Tt4b_Pixel_Class::inject_add_to_cart_event: Missing option "access_token"
2023-04-06T11:58:31+00:00 DEBUG Tt4b_Pixel_Class::inject_add_to_cart_event: hit injectAddToCartEvent
2023-04-06T11:58:31+00:00 DEBUG Tt4b_Pixel_Class::inject_add_to_cart_event: Missing option "access_token"
