2023-04-10T10:05:09+00:00 DEBUG Tt4b_Pixel_Class::inject_add_to_cart_event: hit injectAddToCartEvent
2023-04-10T10:05:09+00:00 DEBUG Tt4b_Pixel_Class::inject_add_to_cart_event: Missing option "access_token"
2023-04-10T10:08:08+00:00 DEBUG Tt4b_Pixel_Class::inject_start_checkout: hit injectStartCheckout
2023-04-10T10:08:08+00:00 DEBUG Tt4b_Pixel_Class::inject_start_checkout: Missing option "access_token"
2023-04-10T10:12:37+00:00 DEBUG Tt4b_Pixel_Class::inject_purchase_event: hit injectPurchaseEvent
2023-04-10T10:12:37+00:00 DEBUG Tt4b_Pixel_Class::inject_purchase_event: Missing option "access_token"
2023-04-10T10:29:16+00:00 DEBUG tt4b_product_sync: missing access token for tt4b_product_sync
2023-04-10T10:29:47+00:00 DEBUG tt4b_product_sync: missing access token for tt4b_product_sync
2023-04-10T10:29:59+00:00 DEBUG tt4b_product_sync: missing access token for tt4b_product_sync
2023-04-10T10:30:17+00:00 DEBUG tt4b_product_sync: missing access token for tt4b_product_sync
2023-04-10T10:30:25+00:00 DEBUG tt4b_product_sync: missing access token for tt4b_product_sync
2023-04-10T10:30:39+00:00 DEBUG tt4b_product_sync: missing access token for tt4b_product_sync
2023-04-10T10:30:45+00:00 DEBUG tt4b_product_sync: missing access token for tt4b_product_sync
2023-04-10T10:30:51+00:00 DEBUG tt4b_product_sync: missing access token for tt4b_product_sync
2023-04-10T10:31:01+00:00 DEBUG tt4b_product_sync: missing access token for tt4b_product_sync
2023-04-10T10:31:15+00:00 DEBUG tt4b_product_sync: missing access token for tt4b_product_sync
2023-04-10T10:31:29+00:00 DEBUG tt4b_product_sync: missing access token for tt4b_product_sync
2023-04-10T10:32:13+00:00 DEBUG tt4b_product_sync: missing access token for tt4b_product_sync
2023-04-10T10:32:33+00:00 DEBUG tt4b_product_sync: missing access token for tt4b_product_sync
2023-04-10T10:35:14+00:00 DEBUG tt4b_product_sync: missing access token for tt4b_product_sync
2023-04-10T10:35:36+00:00 DEBUG tt4b_product_sync: missing access token for tt4b_product_sync
2023-04-10T10:35:49+00:00 DEBUG tt4b_product_sync: missing access token for tt4b_product_sync
2023-04-10T10:36:11+00:00 DEBUG tt4b_product_sync: missing access token for tt4b_product_sync
2023-04-10T10:36:28+00:00 DEBUG tt4b_product_sync: missing access token for tt4b_product_sync
2023-04-10T10:36:47+00:00 DEBUG tt4b_product_sync: missing access token for tt4b_product_sync
2023-04-10T10:36:59+00:00 DEBUG tt4b_product_sync: missing access token for tt4b_product_sync
2023-04-10T10:38:46+00:00 DEBUG tt4b_product_sync: missing access token for tt4b_product_sync
2023-04-10T10:41:58+00:00 DEBUG tt4b_product_sync: missing access token for tt4b_product_sync
2023-04-10T10:43:15+00:00 DEBUG tt4b_product_sync: missing access token for tt4b_product_sync
2023-04-10T10:43:37+00:00 DEBUG tt4b_product_sync: missing access token for tt4b_product_sync
2023-04-10T10:43:52+00:00 DEBUG tt4b_product_sync: missing access token for tt4b_product_sync
2023-04-10T10:44:03+00:00 DEBUG tt4b_product_sync: missing access token for tt4b_product_sync
2023-04-10T11:21:47+00:00 DEBUG Tt4b_Pixel_Class::inject_view_content_event: hit injectViewContentEvent
2023-04-10T11:21:47+00:00 DEBUG Tt4b_Pixel_Class::inject_view_content_event: Missing option "access_token"
