2023-04-05T11:27:34+00:00 DEBUG tt4b_product_sync: missing access token for tt4b_product_sync
2023-04-05T11:27:34+00:00 DEBUG tt4b_product_sync: missing access token for tt4b_product_sync
2023-04-05T12:00:05+00:00 DEBUG tt4b_product_sync: missing access token for tt4b_product_sync
2023-04-05T12:00:18+00:00 DEBUG tt4b_product_sync: missing access token for tt4b_product_sync
2023-04-05T12:00:31+00:00 DEBUG tt4b_product_sync: missing access token for tt4b_product_sync
2023-04-05T12:00:41+00:00 DEBUG tt4b_product_sync: missing access token for tt4b_product_sync
2023-04-05T12:00:49+00:00 DEBUG tt4b_product_sync: missing access token for tt4b_product_sync
2023-04-05T12:00:59+00:00 DEBUG tt4b_product_sync: missing access token for tt4b_product_sync
2023-04-05T12:01:10+00:00 DEBUG tt4b_product_sync: missing access token for tt4b_product_sync
2023-04-05T12:01:20+00:00 DEBUG tt4b_product_sync: missing access token for tt4b_product_sync
2023-04-05T12:14:32+00:00 DEBUG tt4b_product_sync: missing access token for tt4b_product_sync
2023-04-05T12:14:32+00:00 DEBUG tt4b_product_sync: missing access token for tt4b_product_sync
2023-04-05T12:14:38+00:00 DEBUG tt4b_product_sync: missing access token for tt4b_product_sync
2023-04-05T12:14:38+00:00 DEBUG tt4b_product_sync: missing access token for tt4b_product_sync
2023-04-05T12:14:47+00:00 DEBUG tt4b_product_sync: missing access token for tt4b_product_sync
2023-04-05T12:14:47+00:00 DEBUG tt4b_product_sync: missing access token for tt4b_product_sync
2023-04-05T12:14:48+00:00 DEBUG tt4b_product_sync: missing access token for tt4b_product_sync
2023-04-05T12:14:49+00:00 DEBUG tt4b_product_sync: missing access token for tt4b_product_sync
2023-04-05T18:17:35+00:00 DEBUG tt4b_product_sync: missing access token for tt4b_product_sync
2023-04-05T18:17:35+00:00 DEBUG tt4b_product_sync: missing access token for tt4b_product_sync
2023-04-05T18:17:39+00:00 DEBUG tt4b_product_sync: missing access token for tt4b_product_sync
2023-04-05T18:17:39+00:00 DEBUG tt4b_product_sync: missing access token for tt4b_product_sync
2023-04-05T18:17:42+00:00 DEBUG tt4b_product_sync: missing access token for tt4b_product_sync
2023-04-05T18:17:43+00:00 DEBUG tt4b_product_sync: missing access token for tt4b_product_sync
2023-04-05T18:17:43+00:00 DEBUG tt4b_product_sync: missing access token for tt4b_product_sync
2023-04-05T18:17:43+00:00 DEBUG tt4b_product_sync: missing access token for tt4b_product_sync
2023-04-05T18:24:00+00:00 DEBUG tt4b_product_sync: missing access token for tt4b_product_sync
2023-04-05T18:25:16+00:00 DEBUG Tt4b_Pixel_Class::inject_view_content_event: hit injectViewContentEvent
2023-04-05T18:25:16+00:00 DEBUG Tt4b_Pixel_Class::inject_view_content_event: Missing option "access_token"
2023-04-05T18:26:01+00:00 DEBUG tt4b_product_sync: missing access token for tt4b_product_sync
2023-04-05T18:29:58+00:00 DEBUG tt4b_product_sync: missing access token for tt4b_product_sync
2023-04-05T18:30:36+00:00 DEBUG Tt4b_Pixel_Class::inject_view_content_event: hit injectViewContentEvent
2023-04-05T18:30:36+00:00 DEBUG Tt4b_Pixel_Class::inject_view_content_event: Missing option "access_token"
2023-04-05T18:32:31+00:00 DEBUG tt4b_product_sync: missing access token for tt4b_product_sync
2023-04-05T18:34:32+00:00 DEBUG tt4b_product_sync: missing access token for tt4b_product_sync
2023-04-05T18:36:18+00:00 DEBUG Tt4b_Pixel_Class::inject_view_content_event: hit injectViewContentEvent
2023-04-05T18:36:19+00:00 DEBUG Tt4b_Pixel_Class::inject_view_content_event: Missing option "access_token"
2023-04-05T18:37:37+00:00 DEBUG tt4b_product_sync: missing access token for tt4b_product_sync
2023-04-05T18:38:26+00:00 DEBUG Tt4b_Pixel_Class::inject_view_content_event: hit injectViewContentEvent
2023-04-05T18:38:26+00:00 DEBUG Tt4b_Pixel_Class::inject_view_content_event: Missing option "access_token"
2023-04-05T18:39:03+00:00 DEBUG Tt4b_Pixel_Class::inject_view_content_event: hit injectViewContentEvent
2023-04-05T18:39:03+00:00 DEBUG Tt4b_Pixel_Class::inject_view_content_event: Missing option "access_token"
2023-04-05T18:45:57+00:00 DEBUG tt4b_product_sync: missing access token for tt4b_product_sync
2023-04-05T18:46:14+00:00 DEBUG Tt4b_Pixel_Class::inject_add_to_cart_event: hit injectAddToCartEvent
2023-04-05T18:46:14+00:00 DEBUG Tt4b_Pixel_Class::inject_add_to_cart_event: Missing option "access_token"
2023-04-05T18:46:22+00:00 DEBUG Tt4b_Pixel_Class::inject_add_to_cart_event: hit injectAddToCartEvent
2023-04-05T18:46:22+00:00 DEBUG Tt4b_Pixel_Class::inject_add_to_cart_event: Missing option "access_token"
2023-04-05T18:48:18+00:00 DEBUG tt4b_product_sync: missing access token for tt4b_product_sync
2023-04-05T18:48:47+00:00 DEBUG tt4b_product_sync: missing access token for tt4b_product_sync
2023-04-05T18:48:47+00:00 DEBUG tt4b_product_delete: missing access token for tt4b_product_sync
2023-04-05T18:48:47+00:00 DEBUG tt4b_product_sync: missing access token for tt4b_product_sync
2023-04-05T18:48:47+00:00 DEBUG tt4b_product_delete: missing access token for tt4b_product_sync
2023-04-05T18:48:48+00:00 DEBUG tt4b_product_sync: missing access token for tt4b_product_sync
2023-04-05T18:48:48+00:00 DEBUG tt4b_product_delete: missing access token for tt4b_product_sync
2023-04-05T18:48:48+00:00 DEBUG tt4b_product_sync: missing access token for tt4b_product_sync
2023-04-05T18:48:48+00:00 DEBUG tt4b_product_delete: missing access token for tt4b_product_sync
2023-04-05T18:48:48+00:00 DEBUG tt4b_product_sync: missing access token for tt4b_product_sync
2023-04-05T18:48:48+00:00 DEBUG tt4b_product_delete: missing access token for tt4b_product_sync
2023-04-05T18:48:48+00:00 DEBUG tt4b_product_sync: missing access token for tt4b_product_sync
2023-04-05T18:48:48+00:00 DEBUG tt4b_product_delete: missing access token for tt4b_product_sync
2023-04-05T18:48:49+00:00 DEBUG tt4b_product_sync: missing access token for tt4b_product_sync
2023-04-05T18:48:49+00:00 DEBUG tt4b_product_delete: missing access token for tt4b_product_sync
2023-04-05T18:48:49+00:00 DEBUG tt4b_product_sync: missing access token for tt4b_product_sync
2023-04-05T18:48:49+00:00 DEBUG tt4b_product_delete: missing access token for tt4b_product_sync
2023-04-05T18:48:57+00:00 DEBUG tt4b_product_sync: missing access token for tt4b_product_sync
2023-04-05T18:52:51+00:00 DEBUG tt4b_product_sync: missing access token for tt4b_product_sync
2023-04-05T18:54:53+00:00 DEBUG tt4b_product_sync: missing access token for tt4b_product_sync
2023-04-05T18:55:42+00:00 DEBUG Tt4b_Pixel_Class::inject_view_content_event: hit injectViewContentEvent
2023-04-05T18:55:42+00:00 DEBUG Tt4b_Pixel_Class::inject_view_content_event: Missing option "access_token"
2023-04-05T18:56:07+00:00 DEBUG tt4b_product_sync: missing access token for tt4b_product_sync
2023-04-05T18:57:03+00:00 DEBUG tt4b_product_sync: missing access token for tt4b_product_sync
2023-04-05T18:57:06+00:00 DEBUG tt4b_product_sync: missing access token for tt4b_product_sync
2023-04-05T18:59:15+00:00 DEBUG tt4b_product_sync: missing access token for tt4b_product_sync
2023-04-05T19:01:26+00:00 DEBUG Tt4b_Pixel_Class::inject_add_to_cart_event: hit injectAddToCartEvent
2023-04-05T19:01:26+00:00 DEBUG Tt4b_Pixel_Class::inject_add_to_cart_event: Missing option "access_token"
2023-04-05T19:01:26+00:00 DEBUG Tt4b_Pixel_Class::inject_view_content_event: hit injectViewContentEvent
2023-04-05T19:01:26+00:00 DEBUG Tt4b_Pixel_Class::inject_view_content_event: Missing option "access_token"
2023-04-05T19:01:56+00:00 DEBUG tt4b_product_sync: missing access token for tt4b_product_sync
2023-04-05T19:02:10+00:00 DEBUG Tt4b_Pixel_Class::inject_add_to_cart_event: hit injectAddToCartEvent
2023-04-05T19:02:10+00:00 DEBUG Tt4b_Pixel_Class::inject_add_to_cart_event: Missing option "access_token"
2023-04-05T19:02:12+00:00 DEBUG Tt4b_Pixel_Class::inject_view_content_event: hit injectViewContentEvent
2023-04-05T19:02:12+00:00 DEBUG Tt4b_Pixel_Class::inject_view_content_event: Missing option "access_token"
